1729522234.885223 client started (30459): version 3.5a, socket /private/tmp/tmux-501/default, protocol 8
1729522234.885316 on Darwin 23.1.0 Darwin Kernel Version 23.1.0: Mon Oct  9 21:32:52 PDT 2023; root:xnu-10002.41.9~7/RELEASE_ARM64_T8122
1729522234.885347 using libevent 2.1.12-stable select
1729522234.885383 using utf8proc 2.9.0
1729522234.885398 using ncurses 6.5 20240427
1729522234.885425 flags are 0x10010000
1729522234.885439 socket is /private/tmp/tmux-501/default
1729522234.885457 trying connect
1729522234.885529 add peer 0x160048000: 6 (0x0)
1729522234.888534 sending message 111 to peer 0x160048000 (8 bytes)
1729522234.888563 sending message 111 to peer 0x160048000 (8 bytes)
1729522234.888573 sending message 101 to peer 0x160048000 (14 bytes)
1729522234.888581 sending message 109 to peer 0x160048000 (4 bytes)
1729522234.888590 sending message 102 to peer 0x160048000 (13 bytes)
1729522234.888599 sending message 108 to peer 0x160048000 (34 bytes)
1729522234.888610 sending message 112 to peer 0x160048000 (70 bytes)
1729522234.888621 sending message 112 to peer 0x160048000 (5 bytes)
1729522234.888631 sending message 112 to peer 0x160048000 (5 bytes)
1729522234.888639 sending message 112 to peer 0x160048000 (6 bytes)
1729522234.888645 sending message 112 to peer 0x160048000 (6 bytes)
1729522234.888652 sending message 112 to peer 0x160048000 (11 bytes)
1729522234.888658 sending message 112 to peer 0x160048000 (10 bytes)
1729522234.888664 sending message 112 to peer 0x160048000 (13 bytes)
1729522234.888671 sending message 112 to peer 0x160048000 (13 bytes)
1729522234.888677 sending message 112 to peer 0x160048000 (18 bytes)
1729522234.888684 sending message 112 to peer 0x160048000 (11 bytes)
1729522234.888690 sending message 112 to peer 0x160048000 (10 bytes)
1729522234.888696 sending message 112 to peer 0x160048000 (15 bytes)
1729522234.888702 sending message 112 to peer 0x160048000 (21 bytes)
1729522234.888710 sending message 112 to peer 0x160048000 (13 bytes)
1729522234.888716 sending message 112 to peer 0x160048000 (7 bytes)
1729522234.888723 sending message 112 to peer 0x160048000 (13 bytes)
1729522234.888729 sending message 112 to peer 0x160048000 (7 bytes)
1729522234.888736 sending message 112 to peer 0x160048000 (13 bytes)
1729522234.888742 sending message 112 to peer 0x160048000 (9 bytes)
1729522234.888748 sending message 112 to peer 0x160048000 (21 bytes)
1729522234.888755 sending message 112 to peer 0x160048000 (13 bytes)
1729522234.888761 sending message 112 to peer 0x160048000 (8 bytes)
1729522234.888768 sending message 112 to peer 0x160048000 (12 bytes)
1729522234.888774 sending message 112 to peer 0x160048000 (13 bytes)
1729522234.888780 sending message 112 to peer 0x160048000 (9 bytes)
1729522234.888787 sending message 112 to peer 0x160048000 (9 bytes)
1729522234.888793 sending message 112 to peer 0x160048000 (12 bytes)
1729522234.888799 sending message 112 to peer 0x160048000 (8 bytes)
1729522234.888806 sending message 112 to peer 0x160048000 (8 bytes)
1729522234.888812 sending message 112 to peer 0x160048000 (7 bytes)
1729522234.888818 sending message 112 to peer 0x160048000 (7 bytes)
1729522234.888825 sending message 112 to peer 0x160048000 (9 bytes)
1729522234.888831 sending message 112 to peer 0x160048000 (13 bytes)
1729522234.888837 sending message 112 to peer 0x160048000 (6 bytes)
1729522234.888844 sending message 112 to peer 0x160048000 (9 bytes)
1729522234.888850 sending message 112 to peer 0x160048000 (15 bytes)
1729522234.888857 sending message 112 to peer 0x160048000 (13 bytes)
1729522234.888864 sending message 112 to peer 0x160048000 (12 bytes)
1729522234.888871 sending message 112 to peer 0x160048000 (8 bytes)
1729522234.888882 sending message 112 to peer 0x160048000 (14 bytes)
1729522234.888890 sending message 112 to peer 0x160048000 (11 bytes)
1729522234.888897 sending message 112 to peer 0x160048000 (9 bytes)
1729522234.888903 sending message 112 to peer 0x160048000 (10 bytes)
1729522234.888909 sending message 112 to peer 0x160048000 (10 bytes)
1729522234.888916 sending message 112 to peer 0x160048000 (10 bytes)
1729522234.888947 sending message 112 to peer 0x160048000 (10 bytes)
1729522234.888952 sending message 112 to peer 0x160048000 (11 bytes)
1729522234.888956 sending message 112 to peer 0x160048000 (12 bytes)
1729522234.888961 sending message 112 to peer 0x160048000 (12 bytes)
1729522234.888965 sending message 112 to peer 0x160048000 (12 bytes)
1729522234.888970 sending message 112 to peer 0x160048000 (12 bytes)
1729522234.888974 sending message 112 to peer 0x160048000 (12 bytes)
1729522234.888978 sending message 112 to peer 0x160048000 (11 bytes)
1729522234.888983 sending message 112 to peer 0x160048000 (11 bytes)
1729522234.888987 sending message 112 to peer 0x160048000 (12 bytes)
1729522234.888991 sending message 112 to peer 0x160048000 (12 bytes)
1729522234.888996 sending message 112 to peer 0x160048000 (12 bytes)
1729522234.889000 sending message 112 to peer 0x160048000 (12 bytes)
1729522234.889004 sending message 112 to peer 0x160048000 (12 bytes)
1729522234.889009 sending message 112 to peer 0x160048000 (10 bytes)
1729522234.889013 sending message 112 to peer 0x160048000 (12 bytes)
1729522234.889018 sending message 112 to peer 0x160048000 (13 bytes)
1729522234.889022 sending message 112 to peer 0x160048000 (13 bytes)
1729522234.889027 sending message 112 to peer 0x160048000 (13 bytes)
1729522234.889031 sending message 112 to peer 0x160048000 (13 bytes)
1729522234.889036 sending message 112 to peer 0x160048000 (13 bytes)
1729522234.889042 sending message 112 to peer 0x160048000 (8 bytes)
1729522234.889047 sending message 112 to peer 0x160048000 (11 bytes)
1729522234.889051 sending message 112 to peer 0x160048000 (11 bytes)
1729522234.889055 sending message 112 to peer 0x160048000 (11 bytes)
1729522234.889060 sending message 112 to peer 0x160048000 (12 bytes)
1729522234.889064 sending message 112 to peer 0x160048000 (12 bytes)
1729522234.889068 sending message 112 to peer 0x160048000 (12 bytes)
1729522234.889073 sending message 112 to peer 0x160048000 (12 bytes)
1729522234.889077 sending message 112 to peer 0x160048000 (13 bytes)
1729522234.889081 sending message 112 to peer 0x160048000 (13 bytes)
1729522234.889085 sending message 112 to peer 0x160048000 (13 bytes)
1729522234.889090 sending message 112 to peer 0x160048000 (8 bytes)
1729522234.889094 sending message 112 to peer 0x160048000 (13 bytes)
1729522234.889098 sending message 112 to peer 0x160048000 (13 bytes)
1729522234.889103 sending message 112 to peer 0x160048000 (13 bytes)
1729522234.889107 sending message 112 to peer 0x160048000 (13 bytes)
1729522234.889111 sending message 112 to peer 0x160048000 (13 bytes)
1729522234.889115 sending message 112 to peer 0x160048000 (12 bytes)
1729522234.889120 sending message 112 to peer 0x160048000 (12 bytes)
1729522234.889124 sending message 112 to peer 0x160048000 (12 bytes)
1729522234.889128 sending message 112 to peer 0x160048000 (12 bytes)
1729522234.889133 sending message 112 to peer 0x160048000 (13 bytes)
1729522234.889137 sending message 112 to peer 0x160048000 (8 bytes)
1729522234.889141 sending message 112 to peer 0x160048000 (13 bytes)
1729522234.889146 sending message 112 to peer 0x160048000 (13 bytes)
1729522234.889150 sending message 112 to peer 0x160048000 (13 bytes)
1729522234.889154 sending message 112 to peer 0x160048000 (13 bytes)
1729522234.889159 sending message 112 to peer 0x160048000 (13 bytes)
1729522234.889164 sending message 112 to peer 0x160048000 (13 bytes)
1729522234.889168 sending message 112 to peer 0x160048000 (13 bytes)
1729522234.889173 sending message 112 to peer 0x160048000 (12 bytes)
1729522234.889178 sending message 112 to peer 0x160048000 (12 bytes)
1729522234.889184 sending message 112 to peer 0x160048000 (12 bytes)
1729522234.889189 sending message 112 to peer 0x160048000 (8 bytes)
1729522234.889193 sending message 112 to peer 0x160048000 (12 bytes)
1729522234.889198 sending message 112 to peer 0x160048000 (13 bytes)
1729522234.889202 sending message 112 to peer 0x160048000 (13 bytes)
1729522234.889206 sending message 112 to peer 0x160048000 (13 bytes)
1729522234.889211 sending message 112 to peer 0x160048000 (13 bytes)
1729522234.889224 sending message 112 to peer 0x160048000 (13 bytes)
1729522234.889228 sending message 112 to peer 0x160048000 (13 bytes)
1729522234.889233 sending message 112 to peer 0x160048000 (13 bytes)
1729522234.889237 sending message 112 to peer 0x160048000 (13 bytes)
1729522234.889241 sending message 112 to peer 0x160048000 (12 bytes)
1729522234.889246 sending message 112 to peer 0x160048000 (10 bytes)
1729522234.889250 sending message 112 to peer 0x160048000 (12 bytes)
1729522234.889254 sending message 112 to peer 0x160048000 (12 bytes)
1729522234.889259 sending message 112 to peer 0x160048000 (12 bytes)
1729522234.889263 sending message 112 to peer 0x160048000 (13 bytes)
1729522234.889267 sending message 112 to peer 0x160048000 (13 bytes)
1729522234.889272 sending message 112 to peer 0x160048000 (13 bytes)
1729522234.889276 sending message 112 to peer 0x160048000 (13 bytes)
1729522234.889280 sending message 112 to peer 0x160048000 (13 bytes)
1729522234.889285 sending message 112 to peer 0x160048000 (13 bytes)
1729522234.889289 sending message 112 to peer 0x160048000 (13 bytes)
1729522234.889293 sending message 112 to peer 0x160048000 (10 bytes)
1729522234.889297 sending message 112 to peer 0x160048000 (13 bytes)
1729522234.889302 sending message 112 to peer 0x160048000 (12 bytes)
1729522234.889307 sending message 112 to peer 0x160048000 (12 bytes)
1729522234.889312 sending message 112 to peer 0x160048000 (12 bytes)
1729522234.889316 sending message 112 to peer 0x160048000 (10 bytes)
1729522234.889322 sending message 112 to peer 0x160048000 (10 bytes)
1729522234.889328 sending message 112 to peer 0x160048000 (10 bytes)
1729522234.889333 sending message 112 to peer 0x160048000 (12 bytes)
1729522234.889337 sending message 112 to peer 0x160048000 (13 bytes)
1729522234.889341 sending message 112 to peer 0x160048000 (13 bytes)
1729522234.889345 sending message 112 to peer 0x160048000 (13 bytes)
1729522234.889350 sending message 112 to peer 0x160048000 (13 bytes)
1729522234.889354 sending message 112 to peer 0x160048000 (13 bytes)
1729522234.889358 sending message 112 to peer 0x160048000 (11 bytes)
1729522234.889362 sending message 112 to peer 0x160048000 (11 bytes)
1729522234.889367 sending message 112 to peer 0x160048000 (12 bytes)
1729522234.889371 sending message 112 to peer 0x160048000 (12 bytes)
1729522234.889375 sending message 112 to peer 0x160048000 (12 bytes)
1729522234.889379 sending message 112 to peer 0x160048000 (12 bytes)
1729522234.889384 sending message 112 to peer 0x160048000 (12 bytes)
1729522234.889388 sending message 112 to peer 0x160048000 (11 bytes)
1729522234.889392 sending message 112 to peer 0x160048000 (12 bytes)
1729522234.889396 sending message 112 to peer 0x160048000 (12 bytes)
1729522234.889401 sending message 112 to peer 0x160048000 (13 bytes)
1729522234.889405 sending message 112 to peer 0x160048000 (13 bytes)
1729522234.889409 sending message 112 to peer 0x160048000 (13 bytes)
1729522234.889414 sending message 112 to peer 0x160048000 (13 bytes)
1729522234.889418 sending message 112 to peer 0x160048000 (13 bytes)
1729522234.889422 sending message 112 to peer 0x160048000 (10 bytes)
1729522234.889427 sending message 112 to peer 0x160048000 (9 bytes)
1729522234.889431 sending message 112 to peer 0x160048000 (12 bytes)
1729522234.889436 sending message 112 to peer 0x160048000 (13 bytes)
1729522234.889441 sending message 112 to peer 0x160048000 (13 bytes)
1729522234.889445 sending message 112 to peer 0x160048000 (13 bytes)
1729522234.889450 sending message 112 to peer 0x160048000 (13 bytes)
1729522234.889454 sending message 112 to peer 0x160048000 (13 bytes)
1729522234.889459 sending message 112 to peer 0x160048000 (9 bytes)
1729522234.889464 sending message 112 to peer 0x160048000 (12 bytes)
1729522234.889468 sending message 112 to peer 0x160048000 (13 bytes)
1729522234.889472 sending message 112 to peer 0x160048000 (13 bytes)
1729522234.889477 sending message 112 to peer 0x160048000 (13 bytes)
1729522234.889481 sending message 112 to peer 0x160048000 (13 bytes)
1729522234.889492 sending message 112 to peer 0x160048000 (13 bytes)
1729522234.889497 sending message 112 to peer 0x160048000 (11 bytes)
1729522234.889501 sending message 112 to peer 0x160048000 (12 bytes)
1729522234.889506 sending message 112 to peer 0x160048000 (13 bytes)
1729522234.889510 sending message 112 to peer 0x160048000 (13 bytes)
1729522234.889515 sending message 112 to peer 0x160048000 (13 bytes)
1729522234.889519 sending message 112 to peer 0x160048000 (13 bytes)
1729522234.889523 sending message 112 to peer 0x160048000 (13 bytes)
1729522234.889528 sending message 112 to peer 0x160048000 (11 bytes)
1729522234.889532 sending message 112 to peer 0x160048000 (12 bytes)
1729522234.889536 sending message 112 to peer 0x160048000 (12 bytes)
1729522234.889541 sending message 112 to peer 0x160048000 (12 bytes)
1729522234.889545 sending message 112 to peer 0x160048000 (12 bytes)
1729522234.889549 sending message 112 to peer 0x160048000 (12 bytes)
1729522234.889554 sending message 112 to peer 0x160048000 (21 bytes)
1729522234.889558 sending message 112 to peer 0x160048000 (12 bytes)
1729522234.889563 sending message 112 to peer 0x160048000 (9 bytes)
1729522234.889567 sending message 112 to peer 0x160048000 (6 bytes)
1729522234.889571 sending message 112 to peer 0x160048000 (13 bytes)
1729522234.889576 sending message 112 to peer 0x160048000 (8 bytes)
1729522234.889580 sending message 112 to peer 0x160048000 (15 bytes)
1729522234.889585 sending message 112 to peer 0x160048000 (13 bytes)
1729522234.889589 sending message 112 to peer 0x160048000 (9 bytes)
1729522234.889593 sending message 112 to peer 0x160048000 (70 bytes)
1729522234.889598 sending message 112 to peer 0x160048000 (69 bytes)
1729522234.889602 sending message 112 to peer 0x160048000 (10 bytes)
1729522234.889606 sending message 112 to peer 0x160048000 (10 bytes)
1729522234.889611 sending message 112 to peer 0x160048000 (8 bytes)
1729522234.889615 sending message 112 to peer 0x160048000 (15 bytes)
1729522234.889620 sending message 112 to peer 0x160048000 (13 bytes)
1729522234.889624 sending message 112 to peer 0x160048000 (10 bytes)
1729522234.889628 sending message 112 to peer 0x160048000 (10 bytes)
1729522234.889633 sending message 112 to peer 0x160048000 (17 bytes)
1729522234.889637 sending message 112 to peer 0x160048000 (10 bytes)
1729522234.889641 sending message 112 to peer 0x160048000 (13 bytes)
1729522234.889646 sending message 112 to peer 0x160048000 (9 bytes)
1729522234.889650 sending message 112 to peer 0x160048000 (5 bytes)
1729522234.889654 sending message 112 to peer 0x160048000 (15 bytes)
1729522234.889660 sending message 104 to peer 0x160048000 (0 bytes)
1729522234.889665 sending message 110 to peer 0x160048000 (0 bytes)
1729522234.889670 sending message 107 to peer 0x160048000 (4 bytes)
1729522234.889674 sending message 105 to peer 0x160048000 (26 bytes)
1729522234.889679 sending message 105 to peer 0x160048000 (37 bytes)
1729522234.889683 sending message 105 to peer 0x160048000 (30 bytes)
1729522234.889688 sending message 105 to peer 0x160048000 (34 bytes)
1729522234.889692 sending message 105 to peer 0x160048000 (60 bytes)
1729522234.889697 sending message 105 to peer 0x160048000 (15 bytes)
1729522234.889701 sending message 105 to peer 0x160048000 (8 bytes)
1729522234.889705 sending message 105 to peer 0x160048000 (22 bytes)
1729522234.889710 sending message 105 to peer 0x160048000 (32 bytes)
1729522234.889714 sending message 105 to peer 0x160048000 (96 bytes)
1729522234.889719 sending message 105 to peer 0x160048000 (28 bytes)
1729522234.889723 sending message 105 to peer 0x160048000 (11 bytes)
1729522234.889728 sending message 105 to peer 0x160048000 (341 bytes)
1729522234.889733 sending message 105 to peer 0x160048000 (38 bytes)
1729522234.889737 sending message 105 to peer 0x160048000 (15 bytes)
1729522234.889741 sending message 105 to peer 0x160048000 (8 bytes)
1729522234.889746 sending message 105 to peer 0x160048000 (66 bytes)
1729522234.889750 sending message 105 to peer 0x160048000 (19 bytes)
1729522234.889764 sending message 105 to peer 0x160048000 (18 bytes)
1729522234.889769 sending message 105 to peer 0x160048000 (26 bytes)
1729522234.889773 sending message 105 to peer 0x160048000 (53 bytes)
1729522234.889778 sending message 105 to peer 0x160048000 (57 bytes)
1729522234.889782 sending message 105 to peer 0x160048000 (43 bytes)
1729522234.889786 sending message 105 to peer 0x160048000 (13 bytes)
1729522234.889791 sending message 105 to peer 0x160048000 (19 bytes)
1729522234.889795 sending message 105 to peer 0x160048000 (14 bytes)
1729522234.889799 sending message 105 to peer 0x160048000 (19 bytes)
1729522234.889804 sending message 105 to peer 0x160048000 (36 bytes)
1729522234.889808 sending message 105 to peer 0x160048000 (40 bytes)
1729522234.889813 sending message 105 to peer 0x160048000 (25 bytes)
1729522234.889817 sending message 106 to peer 0x160048000 (0 bytes)
1729522234.889895 sending message 200 to peer 0x160048000 (4 bytes)
1729522234.889903 client loop enter
1729522234.890147 peer 0x160048000 message 303
1729522234.890159 open write file 2 -
1729522234.890172 sending message 305 to peer 0x160048000 (8 bytes)
1729522234.890185 write check file 2
1729522234.890235 peer 0x160048000 message 304
1729522234.890254 write 58 to file 2
1729522234.890273 peer 0x160048000 message 203
1729522234.890283 file 2 58 bytes left
1729522234.890298 write check file 2
1729522234.890304 client loop exit
